<?xml version="1.0" encoding="UTF-8"?>
<!-- Generated by org.testng.reporters.JUnitReportReporter -->
<testsuite hostname="Ameyas-MBP.fritz.box" failures="0" tests="1" name="com.supriya.ultimateqa.authentication.tests.CreateAccountPageTests" time="6.936" errors="0" timestamp="15 Jun 2025 20:31:29 GMT" skipped="0">
  <testcase classname="com.supriya.ultimateqa.authentication.tests.CreateAccountPageTests" name="createNewAccountTest" time="6.936"/>
</testsuite> <!-- com.supriya.ultimateqa.authentication.tests.CreateAccountPageTests -->
