<?xml version="1.0" encoding="UTF-8"?>
<!-- Generated by org.testng.reporters.JUnitReportReporter -->
<testsuite hostname="Ameyas-MBP.fritz.box" failures="0" tests="1" name="com.supriya.ultimateqa.authentication.tests.LoginTests" time="5.586" errors="0" timestamp="28 May 2025 15:55:13 GMT" skipped="0">
  <testcase classname="com.supriya.ultimateqa.authentication.tests.LoginTests" name="testOne" time="5.586"/>
</testsuite> <!-- com.supriya.ultimateqa.authentication.tests.LoginTests -->
