<?xml version="1.0" encoding="UTF-8"?>
<!-- Generated by org.testng.reporters.JUnitReportReporter -->
<testsuite hostname="Ameyas-MBP.fritz.box" failures="0" tests="1" name="com.supriya.ultimateqa.authentication.tests.CreateAccountPageTests" time="8.904" errors="0" timestamp="01 Jun 2025 12:06:31 GMT" skipped="0">
  <testcase classname="com.supriya.ultimateqa.authentication.tests.CreateAccountPageTests" name="createNewAccountTest" time="8.904"/>
</testsuite> <!-- com.supriya.ultimateqa.authentication.tests.CreateAccountPageTests -->
