<?xml version="1.0" encoding="UTF-8"?>
<!-- Generated by org.testng.reporters.JUnitReportReporter -->
<testsuite hostname="Ameyas-MBP.fritz.box" failures="0" tests="1" name="com.supriya.ultimateqa.authentication.tests.HomePageTests" time="4.136" errors="0" timestamp="28 May 2025 17:56:51 GMT" skipped="0">
  <testcase classname="com.supriya.ultimateqa.authentication.tests.HomePageTests" name="signToApplicationTest" time="4.136"/>
</testsuite> <!-- com.supriya.ultimateqa.authentication.tests.HomePageTests -->
