<?xml version="1.0" encoding="UTF-8"?>
<!-- Generated by org.testng.reporters.JUnitReportReporter -->
<testsuite hostname="Ameyas-MBP.fritz.box" failures="0" tests="1" name="com.supriya.ultimateqa.authentication.tests.LoginTests" time="7.511" errors="0" timestamp="28 May 2025 18:16:16 GMT" skipped="0">
  <testcase classname="com.supriya.ultimateqa.authentication.tests.LoginTests" name="testOne" time="7.511"/>
</testsuite> <!-- com.supriya.ultimateqa.authentication.tests.LoginTests -->
